This is pdfTeX, Version 3.14159265-2.6-1.40.16 (TeX Live 2015) (preloaded format=pdflatex 2015.12.2)  3 JUN 2016 15:00
entering extended mode
 restricted \write18 enabled.
 file:line:error style messages enabled.
 %&-line parsing enabled.
**JDM_Meeting_VBFDM_03062016.tex
(./JDM_Meeting_VBFDM_03062016.tex
LaTeX2e <2015/01/01>
Babel <3.9l> and hyphenation patterns for 79 languages loaded.
(/usr/local/texlive/2015/texmf-dist/tex/latex/beamer/beamer.cls
(/usr/local/texlive/2015/texmf-dist/tex/latex/beamer/beamerbasercs.sty
Package: beamerbasercs 2015/03/08 (rcs-revision 368aa9ba9d38)
)
Document Class: beamer 2015/01/05 3.36 A class for typesetting presentations (r
cs-revision 8a39122e1f63)
(/usr/local/texlive/2015/texmf-dist/tex/latex/beamer/beamerbasemodes.sty
Package: beamerbasemodes 2013/09/03 (rcs-revision 768f2d98ca64)
\beamer@tempbox=\box26
\beamer@tempcount=\count79
\c@beamerpauses=\count80

(/usr/local/texlive/2015/texmf-dist/tex/latex/beamer/beamerbasedecode.sty
Package: beamerbasedecode 2010/05/01 (rcs-revision efa082c6111d)
\beamer@slideinframe=\count81
\beamer@minimum=\count82
)
\beamer@commentbox=\box27
\beamer@modecount=\count83
)
(/usr/local/texlive/2015/texmf-dist/tex/generic/oberdiek/ifpdf.sty
Package: ifpdf 2011/01/30 v2.3 Provides the ifpdf switch (HO)
Package ifpdf Info: pdfTeX in PDF mode is detected.
)
\headheight=\dimen102
\headdp=\dimen103
\footheight=\dimen104
\sidebarheight=\dimen105
\beamer@tempdim=\dimen106
\beamer@finalheight=\dimen107
\beamer@animht=\dimen108
\beamer@animdp=\dimen109
\beamer@animwd=\dimen110
\beamer@leftmargin=\dimen111
\beamer@rightmargin=\dimen112
\beamer@leftsidebar=\dimen113
\beamer@rightsidebar=\dimen114
\beamer@boxsize=\dimen115
\beamer@vboxoffset=\dimen116
\beamer@descdefault=\dimen117
\beamer@descriptionwidth=\dimen118
\beamer@lastskip=\skip41
\beamer@areabox=\box28
\beamer@animcurrent=\box29
\beamer@animshowbox=\box30
\beamer@sectionbox=\box31
\beamer@logobox=\box32
\beamer@linebox=\box33
\beamer@sectioncount=\count84
\beamer@subsubsectionmax=\count85
\beamer@subsectionmax=\count86
\beamer@sectionmax=\count87
\beamer@totalheads=\count88
\beamer@headcounter=\count89
\beamer@partstartpage=\count90
\beamer@sectionstartpage=\count91
\beamer@subsectionstartpage=\count92
\beamer@animationtempa=\count93
\beamer@animationtempb=\count94
\beamer@xpos=\count95
\beamer@ypos=\count96
\beamer@showpartnumber=\count97
\beamer@currentsubsection=\count98
\beamer@coveringdepth=\count99
\beamer@sectionadjust=\count100
\beamer@tocsectionnumber=\count101

(/usr/local/texlive/2015/texmf-dist/tex/latex/beamer/beamerbaseoptions.sty
Package: beamerbaseoptions 2013/03/10 (rcs-revision 47431932db0d)

(/usr/local/texlive/2015/texmf-dist/tex/latex/graphics/keyval.sty
Package: keyval 2014/10/28 v1.15 key=value parser (DPC)
\KV@toks@=\toks14
))
\beamer@paperwidth=\skip42
\beamer@paperheight=\skip43

(/usr/local/texlive/2015/texmf-dist/tex/latex/geometry/geometry.sty
Package: geometry 2010/09/12 v5.6 Page Geometry

(/usr/local/texlive/2015/texmf-dist/tex/generic/oberdiek/ifvtex.sty
Package: ifvtex 2010/03/01 v1.5 Detect VTeX and its facilities (HO)
Package ifvtex Info: VTeX not detected.
)
(/usr/local/texlive/2015/texmf-dist/tex/generic/ifxetex/ifxetex.sty
Package: ifxetex 2010/09/12 v0.6 Provides ifxetex conditional
)
\Gm@cnth=\count102
\Gm@cntv=\count103
\c@Gm@tempcnt=\count104
\Gm@bindingoffset=\dimen119
\Gm@wd@mp=\dimen120
\Gm@odd@mp=\dimen121
\Gm@even@mp=\dimen122
\Gm@layoutwidth=\dimen123
\Gm@layoutheight=\dimen124
\Gm@layouthoffset=\dimen125
\Gm@layoutvoffset=\dimen126
\Gm@dimlist=\toks15
)
(/usr/local/texlive/2015/texmf-dist/tex/latex/base/size10.clo
File: size10.clo 2014/09/29 v1.4h Standard LaTeX file (size option)
)
(/usr/local/texlive/2015/texmf-dist/tex/latex/pgf/basiclayer/pgfcore.sty
(/usr/local/texlive/2015/texmf-dist/tex/latex/graphics/graphicx.sty
Package: graphicx 2014/10/28 v1.0g Enhanced LaTeX Graphics (DPC,SPQR)

(/usr/local/texlive/2015/texmf-dist/tex/latex/graphics/graphics.sty
Package: graphics 2014/10/28 v1.0p Standard LaTeX Graphics (DPC,SPQR)

(/usr/local/texlive/2015/texmf-dist/tex/latex/graphics/trig.sty
Package: trig 1999/03/16 v1.09 sin cos tan (DPC)
)
(/usr/local/texlive/2015/texmf-dist/tex/latex/latexconfig/graphics.cfg
File: graphics.cfg 2010/04/23 v1.9 graphics configuration of TeX Live
)
Package graphics Info: Driver file: pdftex.def on input line 94.

(/usr/local/texlive/2015/texmf-dist/tex/latex/pdftex-def/pdftex.def
File: pdftex.def 2011/05/27 v0.06d Graphics/color for pdfTeX

(/usr/local/texlive/2015/texmf-dist/tex/generic/oberdiek/infwarerr.sty
Package: infwarerr 2010/04/08 v1.3 Providing info/warning/error messages (HO)
)
(/usr/local/texlive/2015/texmf-dist/tex/generic/oberdiek/ltxcmds.sty
Package: ltxcmds 2011/11/09 v1.22 LaTeX kernel commands for general use (HO)
)
\Gread@gobject=\count105
))
\Gin@req@height=\dimen127
\Gin@req@width=\dimen128
)
(/usr/local/texlive/2015/texmf-dist/tex/latex/pgf/systemlayer/pgfsys.sty
(/usr/local/texlive/2015/texmf-dist/tex/latex/pgf/utilities/pgfrcs.sty
(/usr/local/texlive/2015/texmf-dist/tex/generic/pgf/utilities/pgfutil-common.te
x
\pgfutil@everybye=\toks16
\pgfutil@tempdima=\dimen129
\pgfutil@tempdimb=\dimen130

(/usr/local/texlive/2015/texmf-dist/tex/generic/pgf/utilities/pgfutil-common-li
sts.tex))
(/usr/local/texlive/2015/texmf-dist/tex/generic/pgf/utilities/pgfutil-latex.def
\pgfutil@abb=\box34
(/usr/local/texlive/2015/texmf-dist/tex/latex/ms/everyshi.sty
Package: everyshi 2001/05/15 v3.00 EveryShipout Package (MS)
))
(/usr/local/texlive/2015/texmf-dist/tex/generic/pgf/utilities/pgfrcs.code.tex
Package: pgfrcs 2013/12/20 v3.0.0 (rcs-revision 1.28)
))
(/usr/local/texlive/2015/texmf-dist/tex/generic/pgf/systemlayer/pgfsys.code.tex
Package: pgfsys 2013/11/30 v3.0.0 (rcs-revision 1.47)
(/usr/local/texlive/2015/texmf-dist/tex/generic/pgf/utilities/pgfkeys.code.tex
\pgfkeys@pathtoks=\toks17
\pgfkeys@temptoks=\toks18

(/usr/local/texlive/2015/texmf-dist/tex/generic/pgf/utilities/pgfkeysfiltered.c
ode.tex
\pgfkeys@tmptoks=\toks19
))
\pgf@x=\dimen131
\pgf@y=\dimen132
\pgf@xa=\dimen133
\pgf@ya=\dimen134
\pgf@xb=\dimen135
\pgf@yb=\dimen136
\pgf@xc=\dimen137
\pgf@yc=\dimen138
\w@pgf@writea=\write3
\r@pgf@reada=\read1
\c@pgf@counta=\count106
\c@pgf@countb=\count107
\c@pgf@countc=\count108
\c@pgf@countd=\count109
\t@pgf@toka=\toks20
\t@pgf@tokb=\toks21
\t@pgf@tokc=\toks22

(/usr/local/texlive/2015/texmf-dist/tex/generic/pgf/systemlayer/pgf.cfg
File: pgf.cfg 2008/05/14  (rcs-revision 1.7)
)
Driver file for pgf: pgfsys-pdftex.def

(/usr/local/texlive/2015/texmf-dist/tex/generic/pgf/systemlayer/pgfsys-pdftex.d
ef
File: pgfsys-pdftex.def 2013/07/18  (rcs-revision 1.33)

(/usr/local/texlive/2015/texmf-dist/tex/generic/pgf/systemlayer/pgfsys-common-p
df.def
File: pgfsys-common-pdf.def 2013/10/10  (rcs-revision 1.13)
)))
(/usr/local/texlive/2015/texmf-dist/tex/generic/pgf/systemlayer/pgfsyssoftpath.
code.tex
File: pgfsyssoftpath.code.tex 2013/09/09  (rcs-revision 1.9)
\pgfsyssoftpath@smallbuffer@items=\count110
\pgfsyssoftpath@bigbuffer@items=\count111
)
(/usr/local/texlive/2015/texmf-dist/tex/generic/pgf/systemlayer/pgfsysprotocol.
code.tex
File: pgfsysprotocol.code.tex 2006/10/16  (rcs-revision 1.4)
)) (/usr/local/texlive/2015/texmf-dist/tex/latex/xcolor/xcolor.sty
Package: xcolor 2007/01/21 v2.11 LaTeX color extensions (UK)

(/usr/local/texlive/2015/texmf-dist/tex/latex/latexconfig/color.cfg
File: color.cfg 2007/01/18 v1.5 color configuration of teTeX/TeXLive
)
Package xcolor Info: Driver file: pdftex.def on input line 225.
Package xcolor Info: Model `cmy' substituted by `cmy0' on input line 1337.
Package xcolor Info: Model `hsb' substituted by `rgb' on input line 1341.
Package xcolor Info: Model `RGB' extended on input line 1353.
Package xcolor Info: Model `HTML' substituted by `rgb' on input line 1355.
Package xcolor Info: Model `Hsb' substituted by `hsb' on input line 1356.
Package xcolor Info: Model `tHsb' substituted by `hsb' on input line 1357.
Package xcolor Info: Model `HSB' substituted by `hsb' on input line 1358.
Package xcolor Info: Model `Gray' substituted by `gray' on input line 1359.
Package xcolor Info: Model `wave' substituted by `hsb' on input line 1360.

(/usr/local/texlive/2015/texmf-dist/tex/latex/graphics/dvipsnam.def
File: dvipsnam.def 2014/10/14 v3.0j Driver-dependent file (DPC,SPQR)
))
(/usr/local/texlive/2015/texmf-dist/tex/generic/pgf/basiclayer/pgfcore.code.tex
Package: pgfcore 2010/04/11 v3.0.0 (rcs-revision 1.7)
(/usr/local/texlive/2015/texmf-dist/tex/generic/pgf/math/pgfmath.code.tex
(/usr/local/texlive/2015/texmf-dist/tex/generic/pgf/math/pgfmathcalc.code.tex
(/usr/local/texlive/2015/texmf-dist/tex/generic/pgf/math/pgfmathutil.code.tex)
(/usr/local/texlive/2015/texmf-dist/tex/generic/pgf/math/pgfmathparser.code.tex
\pgfmath@dimen=\dimen139
\pgfmath@count=\count112
\pgfmath@box=\box35
\pgfmath@toks=\toks23
\pgfmath@stack@operand=\toks24
\pgfmath@stack@operation=\toks25
)
(/usr/local/texlive/2015/texmf-dist/tex/generic/pgf/math/pgfmathfunctions.code.
tex
(/usr/local/texlive/2015/texmf-dist/tex/generic/pgf/math/pgfmathfunctions.basic
.code.tex)
(/usr/local/texlive/2015/texmf-dist/tex/generic/pgf/math/pgfmathfunctions.trigo
nometric.code.tex)
(/usr/local/texlive/2015/texmf-dist/tex/generic/pgf/math/pgfmathfunctions.rando
m.code.tex)
(/usr/local/texlive/2015/texmf-dist/tex/generic/pgf/math/pgfmathfunctions.compa
rison.code.tex)
(/usr/local/texlive/2015/texmf-dist/tex/generic/pgf/math/pgfmathfunctions.base.
code.tex)
(/usr/local/texlive/2015/texmf-dist/tex/generic/pgf/math/pgfmathfunctions.round
.code.tex)
(/usr/local/texlive/2015/texmf-dist/tex/generic/pgf/math/pgfmathfunctions.misc.
code.tex)
(/usr/local/texlive/2015/texmf-dist/tex/generic/pgf/math/pgfmathfunctions.integ
erarithmetics.code.tex)))
(/usr/local/texlive/2015/texmf-dist/tex/generic/pgf/math/pgfmathfloat.code.tex
\c@pgfmathroundto@lastzeros=\count113
))
(/usr/local/texlive/2015/texmf-dist/tex/generic/pgf/basiclayer/pgfcorepoints.co
de.tex
File: pgfcorepoints.code.tex 2013/10/07  (rcs-revision 1.27)
\pgf@picminx=\dimen140
\pgf@picmaxx=\dimen141
\pgf@picminy=\dimen142
\pgf@picmaxy=\dimen143
\pgf@pathminx=\dimen144
\pgf@pathmaxx=\dimen145
\pgf@pathminy=\dimen146
\pgf@pathmaxy=\dimen147
\pgf@xx=\dimen148
\pgf@xy=\dimen149
\pgf@yx=\dimen150
\pgf@yy=\dimen151
\pgf@zx=\dimen152
\pgf@zy=\dimen153
)
(/usr/local/texlive/2015/texmf-dist/tex/generic/pgf/basiclayer/pgfcorepathconst
ruct.code.tex
File: pgfcorepathconstruct.code.tex 2013/10/07  (rcs-revision 1.29)
\pgf@path@lastx=\dimen154
\pgf@path@lasty=\dimen155
)
(/usr/local/texlive/2015/texmf-dist/tex/generic/pgf/basiclayer/pgfcorepathusage
.code.tex
File: pgfcorepathusage.code.tex 2013/12/13  (rcs-revision 1.23)
\pgf@shorten@end@additional=\dimen156
\pgf@shorten@start@additional=\dimen157
)
(/usr/local/texlive/2015/texmf-dist/tex/generic/pgf/basiclayer/pgfcorescopes.co
de.tex
File: pgfcorescopes.code.tex 2013/10/09  (rcs-revision 1.44)
\pgfpic=\box36
\pgf@hbox=\box37
\pgf@layerbox@main=\box38
\pgf@picture@serial@count=\count114
)
(/usr/local/texlive/2015/texmf-dist/tex/generic/pgf/basiclayer/pgfcoregraphicst
ate.code.tex
File: pgfcoregraphicstate.code.tex 2013/09/19  (rcs-revision 1.11)
\pgflinewidth=\dimen158
)
(/usr/local/texlive/2015/texmf-dist/tex/generic/pgf/basiclayer/pgfcoretransform
ations.code.tex
File: pgfcoretransformations.code.tex 2013/10/10  (rcs-revision 1.17)
\pgf@pt@x=\dimen159
\pgf@pt@y=\dimen160
\pgf@pt@temp=\dimen161
)
(/usr/local/texlive/2015/texmf-dist/tex/generic/pgf/basiclayer/pgfcorequick.cod
e.tex
File: pgfcorequick.code.tex 2008/10/09  (rcs-revision 1.3)
)
(/usr/local/texlive/2015/texmf-dist/tex/generic/pgf/basiclayer/pgfcoreobjects.c
ode.tex
File: pgfcoreobjects.code.tex 2006/10/11  (rcs-revision 1.2)
)
(/usr/local/texlive/2015/texmf-dist/tex/generic/pgf/basiclayer/pgfcorepathproce
ssing.code.tex
File: pgfcorepathprocessing.code.tex 2013/09/09  (rcs-revision 1.9)
)
(/usr/local/texlive/2015/texmf-dist/tex/generic/pgf/basiclayer/pgfcorearrows.co
de.tex
File: pgfcorearrows.code.tex 2013/11/07  (rcs-revision 1.40)
\pgfarrowsep=\dimen162
)
(/usr/local/texlive/2015/texmf-dist/tex/generic/pgf/basiclayer/pgfcoreshade.cod
e.tex
File: pgfcoreshade.code.tex 2013/07/15  (rcs-revision 1.15)
\pgf@max=\dimen163
\pgf@sys@shading@range@num=\count115
)
(/usr/local/texlive/2015/texmf-dist/tex/generic/pgf/basiclayer/pgfcoreimage.cod
e.tex
File: pgfcoreimage.code.tex 2013/07/15  (rcs-revision 1.18)

(/usr/local/texlive/2015/texmf-dist/tex/generic/pgf/basiclayer/pgfcoreexternal.
code.tex
File: pgfcoreexternal.code.tex 2013/07/15  (rcs-revision 1.20)
\pgfexternal@startupbox=\box39
))
(/usr/local/texlive/2015/texmf-dist/tex/generic/pgf/basiclayer/pgfcorelayers.co
de.tex
File: pgfcorelayers.code.tex 2013/07/18  (rcs-revision 1.7)
)
(/usr/local/texlive/2015/texmf-dist/tex/generic/pgf/basiclayer/pgfcoretranspare
ncy.code.tex
File: pgfcoretransparency.code.tex 2013/09/30  (rcs-revision 1.5)
)
(/usr/local/texlive/2015/texmf-dist/tex/generic/pgf/basiclayer/pgfcorepatterns.
code.tex
File: pgfcorepatterns.code.tex 2013/11/07  (rcs-revision 1.5)
)))
(/usr/local/texlive/2015/texmf-dist/tex/latex/pgf/utilities/xxcolor.sty
Package: xxcolor 2003/10/24 ver 0.1
\XC@nummixins=\count116
\XC@countmixins=\count117
)
(/usr/local/texlive/2015/texmf-dist/tex/generic/oberdiek/atbegshi.sty
Package: atbegshi 2011/10/05 v1.16 At begin shipout hook (HO)
)
(/usr/local/texlive/2015/texmf-dist/tex/latex/hyperref/hyperref.sty
Package: hyperref 2012/11/06 v6.83m Hypertext links for LaTeX

(/usr/local/texlive/2015/texmf-dist/tex/generic/oberdiek/hobsub-hyperref.sty
Package: hobsub-hyperref 2012/05/28 v1.13 Bundle oberdiek, subset hyperref (HO)


(/usr/local/texlive/2015/texmf-dist/tex/generic/oberdiek/hobsub-generic.sty
Package: hobsub-generic 2012/05/28 v1.13 Bundle oberdiek, subset generic (HO)
Package: hobsub 2012/05/28 v1.13 Construct package bundles (HO)
Package hobsub Info: Skipping package `infwarerr' (already loaded).
Package hobsub Info: Skipping package `ltxcmds' (already loaded).
Package: ifluatex 2010/03/01 v1.3 Provides the ifluatex switch (HO)
Package ifluatex Info: LuaTeX not detected.
Package hobsub Info: Skipping package `ifvtex' (already loaded).
Package: intcalc 2007/09/27 v1.1 Expandable calculations with integers (HO)
Package hobsub Info: Skipping package `ifpdf' (already loaded).
Package: etexcmds 2011/02/16 v1.5 Avoid name clashes with e-TeX commands (HO)
Package etexcmds Info: Could not find \expanded.
(etexcmds)             That can mean that you are not using pdfTeX 1.50 or
(etexcmds)             that some package has redefined \expanded.
(etexcmds)             In the latter case, load this package earlier.
Package: kvsetkeys 2012/04/25 v1.16 Key value parser (HO)
Package: kvdefinekeys 2011/04/07 v1.3 Define keys (HO)
Package: pdftexcmds 2011/11/29 v0.20 Utility functions of pdfTeX for LuaTeX (HO
)
Package pdftexcmds Info: LuaTeX not detected.
Package pdftexcmds Info: \pdf@primitive is available.
Package pdftexcmds Info: \pdf@ifprimitive is available.
Package pdftexcmds Info: \pdfdraftmode found.
Package: pdfescape 2011/11/25 v1.13 Implements pdfTeX's escape features (HO)
Package: bigintcalc 2012/04/08 v1.3 Expandable calculations on big integers (HO
)
Package: bitset 2011/01/30 v1.1 Handle bit-vector datatype (HO)
Package: uniquecounter 2011/01/30 v1.2 Provide unlimited unique counter (HO)
)
Package hobsub Info: Skipping package `hobsub' (already loaded).
Package: letltxmacro 2010/09/02 v1.4 Let assignment for LaTeX macros (HO)
Package: hopatch 2012/05/28 v1.2 Wrapper for package hooks (HO)
Package: xcolor-patch 2011/01/30 xcolor patch
Package: atveryend 2011/06/30 v1.8 Hooks at the very end of document (HO)
Package atveryend Info: \enddocument detected (standard20110627).
Package hobsub Info: Skipping package `atbegshi' (already loaded).
Package: refcount 2011/10/16 v3.4 Data extraction from label references (HO)
Package: hycolor 2011/01/30 v1.7 Color options for hyperref/bookmark (HO)
)
(/usr/local/texlive/2015/texmf-dist/tex/latex/oberdiek/auxhook.sty
Package: auxhook 2011/03/04 v1.3 Hooks for auxiliary files (HO)
)
(/usr/local/texlive/2015/texmf-dist/tex/latex/oberdiek/kvoptions.sty
Package: kvoptions 2011/06/30 v3.11 Key value format for package options (HO)
)
\@linkdim=\dimen164
\Hy@linkcounter=\count118
\Hy@pagecounter=\count119

(/usr/local/texlive/2015/texmf-dist/tex/latex/hyperref/pd1enc.def
File: pd1enc.def 2012/11/06 v6.83m Hyperref: PDFDocEncoding definition (HO)
)
\Hy@SavedSpaceFactor=\count120

(/usr/local/texlive/2015/texmf-dist/tex/latex/latexconfig/hyperref.cfg
File: hyperref.cfg 2002/06/06 v1.2 hyperref configuration of TeXLive
)
Package hyperref Info: Option `bookmarks' set `true' on input line 4319.
Package hyperref Info: Option `bookmarksopen' set `true' on input line 4319.
Package hyperref Info: Option `implicit' set `false' on input line 4319.
Package hyperref Info: Hyper figures OFF on input line 4443.
Package hyperref Info: Link nesting OFF on input line 4448.
Package hyperref Info: Hyper index ON on input line 4451.
Package hyperref Info: Plain pages OFF on input line 4458.
Package hyperref Info: Backreferencing OFF on input line 4463.
Package hyperref Info: Implicit mode OFF; no redefinition of LaTeX internals.
Package hyperref Info: Bookmarks ON on input line 4688.
\c@Hy@tempcnt=\count121

(/usr/local/texlive/2015/texmf-dist/tex/latex/url/url.sty
\Urlmuskip=\muskip10
Package: url 2013/09/16  ver 3.4  Verb mode for urls, etc.
)
LaTeX Info: Redefining \url on input line 5041.
\XeTeXLinkMargin=\dimen165
\Fld@menulength=\count122
\Field@Width=\dimen166
\Fld@charsize=\dimen167
Package hyperref Info: Hyper figures OFF on input line 6295.
Package hyperref Info: Link nesting OFF on input line 6300.
Package hyperref Info: Hyper index ON on input line 6303.
Package hyperref Info: backreferencing OFF on input line 6310.
Package hyperref Info: Link coloring OFF on input line 6315.
Package hyperref Info: Link coloring with OCG OFF on input line 6320.
Package hyperref Info: PDF/A mode OFF on input line 6325.
LaTeX Info: Redefining \ref on input line 6365.
LaTeX Info: Redefining \pageref on input line 6369.
\Hy@abspage=\count123


Package hyperref Message: Stopped early.

)

Package hyperref Message: Driver (autodetected): hpdftex.

(/usr/local/texlive/2015/texmf-dist/tex/latex/hyperref/hpdftex.def
File: hpdftex.def 2012/11/06 v6.83m Hyperref driver for pdfTeX
\Fld@listcount=\count124
\c@bookmark@seq@number=\count125

(/usr/local/texlive/2015/texmf-dist/tex/latex/oberdiek/rerunfilecheck.sty
Package: rerunfilecheck 2011/04/15 v1.7 Rerun checks for auxiliary files (HO)
Package uniquecounter Info: New unique counter `rerunfilecheck' on input line 2
82.
))
(/usr/local/texlive/2015/texmf-dist/tex/latex/beamer/beamerbaserequires.sty
Package: beamerbaserequires 2010/05/01  (rcs-revision efa082c6111d)

(/usr/local/texlive/2015/texmf-dist/tex/latex/beamer/beamerbasecompatibility.st
y
Package: beamerbasecompatibility 2012/05/01  (rcs-revision 67c48b3b652d)
) (/usr/local/texlive/2015/texmf-dist/tex/latex/beamer/beamerbasefont.sty
Package: beamerbasefont 2015/01/05  (rcs-revision b4b4bee242e2)

(/usr/local/texlive/2015/texmf-dist/tex/latex/amsfonts/amssymb.sty
Package: amssymb 2013/01/14 v3.01 AMS font symbols

(/usr/local/texlive/2015/texmf-dist/tex/latex/amsfonts/amsfonts.sty
Package: amsfonts 2013/01/14 v3.01 Basic AMSFonts support
\@emptytoks=\toks26
\symAMSa=\mathgroup4
\symAMSb=\mathgroup5
LaTeX Font Info:    Overwriting math alphabet `\mathfrak' in version `bold'
(Font)                  U/euf/m/n --> U/euf/b/n on input line 106.
))
(/usr/local/texlive/2015/texmf-dist/tex/latex/sansmathaccent/sansmathaccent.sty
Package: sansmathaccent 2013/03/28
(/usr/local/texlive/2015/texmf-dist/tex/latex/filehook/filehook.sty
Package: filehook 2011/10/12 v0.5d Hooks for input files
)))
(/usr/local/texlive/2015/texmf-dist/tex/latex/beamer/beamerbasetranslator.sty
Package: beamerbasetranslator 2010/06/11  (rcs-revision 85fd1cc7fc42)

(/usr/local/texlive/2015/texmf-dist/tex/latex/beamer/translator/translator.sty
Package: translator 2010/06/12 ver 1.10

(/usr/local/texlive/2015/texmf-dist/tex/latex/beamer/translator/translator-lang
uage-mappings.tex)))
(/usr/local/texlive/2015/texmf-dist/tex/latex/beamer/beamerbasemisc.sty
Package: beamerbasemisc 2013/09/03  (rcs-revision a55719c41d85)
)
(/usr/local/texlive/2015/texmf-dist/tex/latex/beamer/beamerbasetwoscreens.sty
Package: beamerbasetwoscreens 2010/05/01  (rcs-revision efa082c6111d)
)
(/usr/local/texlive/2015/texmf-dist/tex/latex/beamer/beamerbaseoverlay.sty
Package: beamerbaseoverlay 2013/12/25  (rcs-revision f6bd5e3805da)
\beamer@argscount=\count126
\beamer@lastskipcover=\skip44
\beamer@trivlistdepth=\count127
)
(/usr/local/texlive/2015/texmf-dist/tex/latex/beamer/beamerbasetitle.sty
Package: beamerbasetitle 2010/09/21  (rcs-revision f0446ed0b6ae)
)
(/usr/local/texlive/2015/texmf-dist/tex/latex/beamer/beamerbasesection.sty
Package: beamerbasesection 2013/06/07  (rcs-revision 60b9fe0f342f)
\c@lecture=\count128
\c@part=\count129
\c@section=\count130
\c@subsection=\count131
\c@subsubsection=\count132
)
(/usr/local/texlive/2015/texmf-dist/tex/latex/beamer/beamerbaseframe.sty
Package: beamerbaseframe 2014/02/20  (rcs-revision 4b8ceeeff434)
\beamer@framebox=\box40
\beamer@frametitlebox=\box41
\beamer@zoombox=\box42
\beamer@zoomcount=\count133
\beamer@zoomframecount=\count134
\beamer@frametextheight=\dimen168
\c@subsectionslide=\count135
\beamer@frametopskip=\skip45
\beamer@framebottomskip=\skip46
\beamer@frametopskipautobreak=\skip47
\beamer@framebottomskipautobreak=\skip48
\beamer@envbody=\toks27
\framewidth=\dimen169
\c@framenumber=\count136
)
(/usr/local/texlive/2015/texmf-dist/tex/latex/beamer/beamerbaseverbatim.sty
Package: beamerbaseverbatim 2015/01/05  (rcs-revision 431510bb5890)
\beamer@verbatimfileout=\write4
)
(/usr/local/texlive/2015/texmf-dist/tex/latex/beamer/beamerbaseframesize.sty
Package: beamerbaseframesize 2011/09/12  (rcs-revision 70f9d8411e54)
\beamer@splitbox=\box43
\beamer@autobreakcount=\count137
\beamer@autobreaklastheight=\dimen170
\beamer@frametitletoks=\toks28
\beamer@framesubtitletoks=\toks29
)
(/usr/local/texlive/2015/texmf-dist/tex/latex/beamer/beamerbaseframecomponents.
sty
Package: beamerbaseframecomponents 2013/10/18  (rcs-revision 5cf6c5555a45)
\beamer@footins=\box44
) (/usr/local/texlive/2015/texmf-dist/tex/latex/beamer/beamerbasecolor.sty
Package: beamerbasecolor 2015/02/21  (rcs-revision d944b04ee2d5)
)
(/usr/local/texlive/2015/texmf-dist/tex/latex/beamer/beamerbasenotes.sty
Package: beamerbasenotes 2012/12/19  (rcs-revision 1686da3db3c9)
\beamer@frameboxcopy=\box45
)
(/usr/local/texlive/2015/texmf-dist/tex/latex/beamer/beamerbasetoc.sty
Package: beamerbasetoc 2015/03/08  (rcs-revision 7270298bbaae)
)
(/usr/local/texlive/2015/texmf-dist/tex/latex/beamer/beamerbasetemplates.sty
Package: beamerbasetemplates 2010/05/01  (rcs-revision efa082c6111d)
\beamer@sbttoks=\toks30

(/usr/local/texlive/2015/texmf-dist/tex/latex/beamer/beamerbaseauxtemplates.sty
Package: beamerbaseauxtemplates 2014/06/30  (rcs-revision 580088513a67)
(/usr/local/texlive/2015/texmf-dist/tex/latex/beamer/beamerbaseboxes.sty
Package: beamerbaseboxes 2012/05/13  (rcs-revision 56972908a390)
\bmb@box=\box46
\bmb@colorbox=\box47
\bmb@boxshadow=\box48
\bmb@boxshadowball=\box49
\bmb@boxshadowballlarge=\box50
\bmb@temp=\dimen171
\bmb@dima=\dimen172
\bmb@dimb=\dimen173
\bmb@prevheight=\dimen174
)
\beamer@blockheadheight=\dimen175
))
(/usr/local/texlive/2015/texmf-dist/tex/latex/beamer/beamerbaselocalstructure.s
ty
Package: beamerbaselocalstructure 2014/09/10  (rcs-revision 393f6dcff371)
 (/usr/local/texlive/2015/texmf-dist/tex/latex/tools/enumerate.sty
Package: enumerate 2014/10/28 v3.00 enumerate extensions (DPC)
\@enLab=\toks31
)
\c@figure=\count138
\c@table=\count139
\abovecaptionskip=\skip49
\belowcaptionskip=\skip50
)
(/usr/local/texlive/2015/texmf-dist/tex/latex/beamer/beamerbasenavigation.sty
Package: beamerbasenavigation 2015/02/27  (rcs-revision 923f4bf87efa)
\beamer@section@min@dim=\dimen176
)
(/usr/local/texlive/2015/texmf-dist/tex/latex/beamer/beamerbasetheorems.sty
Package: beamerbasetheorems 2010/06/06  (rcs-revision 7e7cc5e53e9d)

(/usr/local/texlive/2015/texmf-dist/tex/latex/amsmath/amsmath.sty
Package: amsmath 2013/01/14 v2.14 AMS math features
\@mathmargin=\skip51

For additional information on amsmath, use the `?' option.
(/usr/local/texlive/2015/texmf-dist/tex/latex/amsmath/amstext.sty
Package: amstext 2000/06/29 v2.01

(/usr/local/texlive/2015/texmf-dist/tex/latex/amsmath/amsgen.sty
File: amsgen.sty 1999/11/30 v2.0
\@emptytoks=\toks32
\ex@=\dimen177
))
(/usr/local/texlive/2015/texmf-dist/tex/latex/amsmath/amsbsy.sty
Package: amsbsy 1999/11/29 v1.2d
\pmbraise@=\dimen178
)
(/usr/local/texlive/2015/texmf-dist/tex/latex/amsmath/amsopn.sty
Package: amsopn 1999/12/14 v2.01 operator names
)
\inf@bad=\count140
LaTeX Info: Redefining \frac on input line 210.
\uproot@=\count141
\leftroot@=\count142
LaTeX Info: Redefining \overline on input line 306.
\classnum@=\count143
\DOTSCASE@=\count144
LaTeX Info: Redefining \ldots on input line 378.
LaTeX Info: Redefining \dots on input line 381.
LaTeX Info: Redefining \cdots on input line 466.
\Mathstrutbox@=\box51
\strutbox@=\box52
\big@size=\dimen179
LaTeX Font Info:    Redeclaring font encoding OML on input line 566.
LaTeX Font Info:    Redeclaring font encoding OMS on input line 567.
\macc@depth=\count145
\c@MaxMatrixCols=\count146
\dotsspace@=\muskip11
\c@parentequation=\count147
\dspbrk@lvl=\count148
\tag@help=\toks33
\row@=\count149
\column@=\count150
\maxfields@=\count151
\andhelp@=\toks34
\eqnshift@=\dimen180
\alignsep@=\dimen181
\tagshift@=\dimen182
\tagwidth@=\dimen183
\totwidth@=\dimen184
\lineht@=\dimen185
\@envbody=\toks35
\multlinegap=\skip52
\multlinetaggap=\skip53
\mathdisplay@stack=\toks36
LaTeX Info: Redefining \[ on input line 2665.
LaTeX Info: Redefining \] on input line 2666.
)
(/usr/local/texlive/2015/texmf-dist/tex/latex/amscls/amsthm.sty
Package: amsthm 2015/03/04 v2.20.2
\thm@style=\toks37
\thm@bodyfont=\toks38
\thm@headfont=\toks39
\thm@notefont=\toks40
\thm@headpunct=\toks41
\thm@preskip=\skip54
\thm@postskip=\skip55
\thm@headsep=\skip56
\dth@everypar=\toks42
)
\c@theorem=\count152
)
(/usr/local/texlive/2015/texmf-dist/tex/latex/beamer/beamerbasethemes.sty
Package: beamerbasethemes 2010/05/01  (rcs-revision efa082c6111d)
))
(/usr/local/texlive/2015/texmf-dist/tex/latex/beamer/themes/theme/beamerthemede
fault.sty
Package: beamerthemedefault 2010/06/17  (rcs-revision d02a7cf4d8ae)

(/usr/local/texlive/2015/texmf-dist/tex/latex/beamer/themes/font/beamerfontthem
edefault.sty
Package: beamerfontthemedefault 2012/12/19  (rcs-revision 1686da3db3c9)
)
(/usr/local/texlive/2015/texmf-dist/tex/latex/beamer/themes/color/beamercolorth
emedefault.sty
Package: beamercolorthemedefault 2012/12/19  (rcs-revision 1686da3db3c9)
)
(/usr/local/texlive/2015/texmf-dist/tex/latex/beamer/themes/inner/beamerinnerth
emedefault.sty
Package: beamerinnerthemedefault 2014/06/30  (rcs-revision 580088513a67)
\beamer@dima=\dimen186
\beamer@dimb=\dimen187
)
(/usr/local/texlive/2015/texmf-dist/tex/latex/beamer/themes/outer/beamerouterth
emedefault.sty
Package: beamerouterthemedefault 2012/12/19  (rcs-revision 1686da3db3c9)
)))
(/usr/local/texlive/2015/texmf-dist/tex/latex/mathtools/mathtools.sty
Package: mathtools 2015/05/11 v1.16 mathematical typesetting tools

(/usr/local/texlive/2015/texmf-dist/tex/latex/tools/calc.sty
Package: calc 2014/10/28 v4.3 Infix arithmetic (KKT,FJ)
\calc@Acount=\count153
\calc@Bcount=\count154
\calc@Adimen=\dimen188
\calc@Bdimen=\dimen189
\calc@Askip=\skip57
\calc@Bskip=\skip58
LaTeX Info: Redefining \setlength on input line 80.
LaTeX Info: Redefining \addtolength on input line 81.
\calc@Ccount=\count155
\calc@Cskip=\skip59
)
(/usr/local/texlive/2015/texmf-dist/tex/latex/mathtools/mhsetup.sty
Package: mhsetup 2010/01/21 v1.2a programming setup (MH)
)
LaTeX Info: Thecontrolsequence`\('isalreadyrobust on input line 129.
LaTeX Info: Thecontrolsequence`\)'isalreadyrobust on input line 129.
LaTeX Info: Thecontrolsequence`\['isalreadyrobust on input line 129.
LaTeX Info: Thecontrolsequence`\]'isalreadyrobust on input line 129.
\g_MT_multlinerow_int=\count156
\l_MT_multwidth_dim=\dimen190
\origjot=\skip60
\l_MT_shortvdotswithinadjustabove_dim=\dimen191
\l_MT_shortvdotswithinadjustbelow_dim=\dimen192
\l_MT_above_intertext_sep=\dimen193
\l_MT_below_intertext_sep=\dimen194
\l_MT_above_shortintertext_sep=\dimen195
\l_MT_below_shortintertext_sep=\dimen196
)
\sympureletters=\mathgroup6
LaTeX Font Info:    Overwriting symbol font `pureletters' in version `bold'
(Font)                  OT1/mathkerncmss/m/sl --> OT1/mathkerncmss/bx/sl on inp
ut line 23.

(/usr/local/texlive/2015/texmf-dist/tex/latex/tools/bm.sty
Package: bm 2014/10/28 v1.1c Bold Symbol Support (DPC/FMi)
\symboldoperators=\mathgroup7
\symboldletters=\mathgroup8
\symboldsymbols=\mathgroup9
\symboldpureletters=\mathgroup10
LaTeX Font Info:    Redeclaring math alphabet \mathbf on input line 141.
LaTeX Info: Redefining \bm on input line 207.
)
(/usr/local/texlive/2015/texmf-dist/tex/latex/booktabs/booktabs.sty
Package: booktabs 2005/04/14 v1.61803 publication quality tables
\heavyrulewidth=\dimen197
\lightrulewidth=\dimen198
\cmidrulewidth=\dimen199
\belowrulesep=\dimen200
\belowbottomsep=\dimen201
\aboverulesep=\dimen202
\abovetopsep=\dimen203
\cmidrulesep=\dimen204
\cmidrulekern=\dimen205
\defaultaddspace=\dimen206
\@cmidla=\count157
\@cmidlb=\count158
\@aboverulesep=\dimen207
\@belowrulesep=\dimen208
\@thisruleclass=\count159
\@lastruleclass=\count160
\@thisrulewidth=\dimen209
)
(/usr/local/texlive/2015/texmf-dist/tex/latex/etoolbox/etoolbox.sty
Package: etoolbox 2015/05/04 v2.2 e-TeX tools for LaTeX (JAW)
\etb@tempcnta=\count161
)
(/usr/local/texlive/2015/texmf-dist/tex/latex/cancel/cancel.sty
Package: cancel 2013/04/12 v2.2 Cancel math terms
)
(/usr/local/texlive/2015/texmf-dist/tex/latex/caption/subcaption.sty
Package: subcaption 2013/02/03 v1.1-62 Sub-captions (AR)

(/usr/local/texlive/2015/texmf-dist/tex/latex/caption/caption.sty
Package: caption 2013/05/02 v3.3-89 Customizing captions (AR)

(/usr/local/texlive/2015/texmf-dist/tex/latex/caption/caption3.sty
Package: caption3 2013/05/02 v1.6-88 caption3 kernel (AR)
Package caption3 Info: TeX engine: e-TeX on input line 57.
\captionmargin=\dimen210
\captionmargin@=\dimen211
\captionwidth=\dimen212
\caption@tempdima=\dimen213
\caption@indent=\dimen214
\caption@parindent=\dimen215
\caption@hangindent=\dimen216
)
\c@ContinuedFloat=\count162
Package caption Info: beamer document class.
Package caption Info: hyperref package is loaded.
Package caption Info: Hyperref support is turned off
(caption)             because hyperref has stopped early.
)
\c@subfigure=\count163
\c@subtable=\count164
)
(/usr/local/texlive/2015/texmf-dist/tex/latex/multirow/multirow.sty
\bigstrutjot=\dimen217
)
(/usr/local/texlive/2015/texmf-dist/tex/latex/appendixnumberbeamer/appendixnumb
erbeamer.sty)
(/usr/local/texlive/2015/texmf-dist/tex/latex/beamer/themes/theme/beamerthemeBo
adilla.sty
Package: beamerthemeBoadilla 2010/06/17  (rcs-revision d02a7cf4d8ae)

(/usr/local/texlive/2015/texmf-dist/tex/latex/beamer/themes/color/beamercolorth
emerose.sty
Package: beamercolorthemerose 2010/06/17  (rcs-revision d02a7cf4d8ae)
)
(/usr/local/texlive/2015/texmf-dist/tex/latex/beamer/themes/inner/beamerinnerth
emerounded.sty
Package: beamerinnerthemerounded 2010/06/17  (rcs-revision d02a7cf4d8ae)
)
(/usr/local/texlive/2015/texmf-dist/tex/latex/beamer/themes/color/beamercolorth
emedolphin.sty
Package: beamercolorthemedolphin 2010/06/17  (rcs-revision d02a7cf4d8ae)
)
(/usr/local/texlive/2015/texmf-dist/tex/latex/beamer/themes/outer/beamerouterth
emeinfolines.sty
Package: beamerouterthemeinfolines 2012/10/16  (rcs-revision 51a8c72084af)
))

Package hyperref Warning: Token not allowed in a PDF string (PDFDocEncoding):
(hyperref)                removing `\\' on input line 162.


Package hyperref Warning: Token not allowed in a PDF string (PDFDocEncoding):
(hyperref)                removing `math shift' on input line 162.


Package hyperref Warning: Token not allowed in a PDF string (PDFDocEncoding):
(hyperref)                removing `\@@underline' on input line 162.


Package hyperref Warning: Token not allowed in a PDF string (PDFDocEncoding):
(hyperref)                removing `\hbox' on input line 162.


Package hyperref Warning: Token not allowed in a PDF string (PDFDocEncoding):
(hyperref)                removing `\mathsurround' on input line 162.


Package hyperref Warning: Token not allowed in a PDF string (PDFDocEncoding):
(hyperref)                removing `\z@' on input line 162.


Package hyperref Warning: Token not allowed in a PDF string (PDFDocEncoding):
(hyperref)                removing `math shift' on input line 162.

(./JDM_Meeting_VBFDM_03062016.aux)
\openout1 = `JDM_Meeting_VBFDM_03062016.aux'.

LaTeX Font Info:    Checking defaults for OML/cmm/m/it on input line 173.
LaTeX Font Info:    ... okay on input line 173.
LaTeX Font Info:    Checking defaults for T1/cmr/m/n on input line 173.
LaTeX Font Info:    ... okay on input line 173.
LaTeX Font Info:    Checking defaults for OT1/cmr/m/n on input line 173.
LaTeX Font Info:    ... okay on input line 173.
LaTeX Font Info:    Checking defaults for OMS/cmsy/m/n on input line 173.
LaTeX Font Info:    ... okay on input line 173.
LaTeX Font Info:    Checking defaults for OMX/cmex/m/n on input line 173.
LaTeX Font Info:    ... okay on input line 173.
LaTeX Font Info:    Checking defaults for U/cmr/m/n on input line 173.
LaTeX Font Info:    ... okay on input line 173.
LaTeX Font Info:    Checking defaults for PD1/pdf/m/n on input line 173.
LaTeX Font Info:    ... okay on input line 173.

*geometry* driver: auto-detecting
*geometry* detected driver: pdftex
*geometry* verbose mode - [ preamble ] result:
* driver: pdftex
* paper: custom
* layout: <same size as paper>
* layoutoffset:(h,v)=(0.0pt,0.0pt)
* modes: includehead includefoot 
* h-part:(L,W,R)=(10.00002pt, 344.19533pt, 10.00002pt)
* v-part:(T,H,B)=(0.0pt, 273.14662pt, 0.0pt)
* \paperwidth=364.19536pt
* \paperheight=273.14662pt
* \textwidth=344.19533pt
* \textheight=244.6939pt
* \oddsidemargin=-62.26997pt
* \evensidemargin=-62.26997pt
* \topmargin=-72.26999pt
* \headheight=14.22636pt
* \headsep=0.0pt
* \topskip=10.0pt
* \footskip=14.22636pt
* \marginparwidth=3.0pt
* \marginparsep=11.0pt
* \columnsep=10.0pt
* \skip\footins=9.0pt plus 4.0pt minus 2.0pt
* \hoffset=0.0pt
* \voffset=0.0pt
* \mag=1000
* \@twocolumnfalse
* \@twosidefalse
* \@mparswitchfalse
* \@reversemarginfalse
* (1in=72.27pt=25.4mm, 1cm=28.453pt)

(/usr/local/texlive/2015/texmf-dist/tex/context/base/supp-pdf.mkii
[Loading MPS to PDF converter (version 2006.09.02).]
\scratchcounter=\count165
\scratchdimen=\dimen218
\scratchbox=\box53
\nofMPsegments=\count166
\nofMParguments=\count167
\everyMPshowfont=\toks43
\MPscratchCnt=\count168
\MPscratchDim=\dimen219
\MPnumerator=\count169
\makeMPintoPDFobject=\count170
\everyMPtoPDFconversion=\toks44
) (/usr/local/texlive/2015/texmf-dist/tex/latex/oberdiek/epstopdf-base.sty
Package: epstopdf-base 2010/02/09 v2.5 Base part for package epstopdf

(/usr/local/texlive/2015/texmf-dist/tex/latex/oberdiek/grfext.sty
Package: grfext 2010/08/19 v1.1 Manage graphics extensions (HO)
)
Package grfext Info: Graphics extension search list:
(grfext)             [.png,.pdf,.jpg,.mps,.jpeg,.jbig2,.jb2,.PNG,.PDF,.JPG,.JPE
G,.JBIG2,.JB2,.eps]
(grfext)             \AppendGraphicsExtensions on input line 452.

(/usr/local/texlive/2015/texmf-dist/tex/latex/latexconfig/epstopdf-sys.cfg
File: epstopdf-sys.cfg 2010/07/13 v1.3 Configuration of (r)epstopdf for TeX Liv
e
))
ABD: EveryShipout initializing macros
\AtBeginShipoutBox=\box54
Package hyperref Info: Link coloring OFF on input line 173.

(/usr/local/texlive/2015/texmf-dist/tex/latex/hyperref/nameref.sty
Package: nameref 2012/10/27 v2.43 Cross-referencing by name of section

(/usr/local/texlive/2015/texmf-dist/tex/generic/oberdiek/gettitlestring.sty
Package: gettitlestring 2010/12/03 v1.4 Cleanup title references (HO)
)
\c@section@level=\count171
)
LaTeX Info: Redefining \ref on input line 173.
LaTeX Info: Redefining \pageref on input line 173.
LaTeX Info: Redefining \nameref on input line 173.

(./JDM_Meeting_VBFDM_03062016.out) (./JDM_Meeting_VBFDM_03062016.out)
\@outlinefile=\write5
\openout5 = `JDM_Meeting_VBFDM_03062016.out'.

LaTeX Font Info:    Overwriting symbol font `operators' in version `normal'
(Font)                  OT1/cmr/m/n --> OT1/cmss/m/n on input line 173.
LaTeX Font Info:    Overwriting symbol font `operators' in version `bold'
(Font)                  OT1/cmr/bx/n --> OT1/cmss/bx/n on input line 173.
\symnumbers=\mathgroup11
LaTeX Font Info:    Redeclaring symbol font `pureletters' on input line 173.
LaTeX Font Info:    Overwriting symbol font `pureletters' in version `normal'
(Font)                  OT1/mathkerncmss/m/sl --> OT1/cmss/m/it on input line 1
73.
LaTeX Font Info:    Overwriting symbol font `pureletters' in version `bold'
(Font)                  OT1/mathkerncmss/bx/sl --> OT1/cmss/m/it on input line 
173.
LaTeX Font Info:    Overwriting math alphabet `\mathrm' in version `normal'
(Font)                  OT1/cmss/m/n --> OT1/cmr/m/n on input line 173.
LaTeX Font Info:    Redeclaring math alphabet \mathbf on input line 173.
LaTeX Font Info:    Redeclaring math alphabet \mathsf on input line 173.
LaTeX Font Info:    Overwriting math alphabet `\mathsf' in version `normal'
(Font)                  OT1/cmss/m/n --> OT1/cmss/m/n on input line 173.
LaTeX Font Info:    Overwriting math alphabet `\mathsf' in version `bold'
(Font)                  OT1/cmss/bx/n --> OT1/cmss/m/n on input line 173.
LaTeX Font Info:    Redeclaring math alphabet \mathit on input line 173.
LaTeX Font Info:    Overwriting math alphabet `\mathit' in version `normal'
(Font)                  OT1/cmr/m/it --> OT1/cmss/m/it on input line 173.
LaTeX Font Info:    Overwriting math alphabet `\mathit' in version `bold'
(Font)                  OT1/cmr/bx/it --> OT1/cmss/m/it on input line 173.
LaTeX Font Info:    Redeclaring math alphabet \mathtt on input line 173.
LaTeX Font Info:    Overwriting math alphabet `\mathtt' in version `normal'
(Font)                  OT1/cmtt/m/n --> OT1/cmtt/m/n on input line 173.
LaTeX Font Info:    Overwriting math alphabet `\mathtt' in version `bold'
(Font)                  OT1/cmtt/m/n --> OT1/cmtt/m/n on input line 173.
LaTeX Font Info:    Overwriting symbol font `numbers' in version `bold'
(Font)                  OT1/cmss/m/n --> OT1/cmss/bx/n on input line 173.
LaTeX Font Info:    Overwriting symbol font `pureletters' in version `bold'
(Font)                  OT1/cmss/m/it --> OT1/cmss/bx/it on input line 173.
LaTeX Font Info:    Overwriting math alphabet `\mathrm' in version `bold'
(Font)                  OT1/cmss/bx/n --> OT1/cmr/bx/n on input line 173.
LaTeX Font Info:    Overwriting math alphabet `\mathbf' in version `bold'
(Font)                  OT1/cmss/bx/n --> OT1/cmss/bx/n on input line 173.
LaTeX Font Info:    Overwriting math alphabet `\mathsf' in version `bold'
(Font)                  OT1/cmss/m/n --> OT1/cmss/bx/n on input line 173.
LaTeX Font Info:    Overwriting math alphabet `\mathit' in version `bold'
(Font)                  OT1/cmss/m/it --> OT1/cmss/bx/it on input line 173.
LaTeX Font Info:    Overwriting math alphabet `\mathtt' in version `bold'
(Font)                  OT1/cmtt/m/n --> OT1/cmtt/bx/n on input line 173.
LaTeX Font Info:    Redeclaring symbol font `pureletters' on input line 173.
LaTeX Font Info:    Overwriting symbol font `pureletters' in version `normal'
(Font)                  OT1/cmss/m/it --> OT1/mathkerncmss/m/sl on input line 1
73.
LaTeX Font Info:    Overwriting symbol font `pureletters' in version `bold'
(Font)                  OT1/cmss/bx/it --> OT1/mathkerncmss/m/sl on input line 
173.
LaTeX Font Info:    Overwriting symbol font `pureletters' in version `bold'
(Font)                  OT1/mathkerncmss/m/sl --> OT1/mathkerncmss/bx/sl on inp
ut line 173.

(/usr/local/texlive/2015/texmf-dist/tex/latex/beamer/translator/dicts/translato
r-basic-dictionary/translator-basic-dictionary-English.dict
Dictionary: translator-basic-dictionary, Language: English 
)
(/usr/local/texlive/2015/texmf-dist/tex/latex/beamer/translator/dicts/translato
r-bibliography-dictionary/translator-bibliography-dictionary-English.dict
Dictionary: translator-bibliography-dictionary, Language: English 
)
(/usr/local/texlive/2015/texmf-dist/tex/latex/beamer/translator/dicts/translato
r-environment-dictionary/translator-environment-dictionary-English.dict
Dictionary: translator-environment-dictionary, Language: English 
)
(/usr/local/texlive/2015/texmf-dist/tex/latex/beamer/translator/dicts/translato
r-months-dictionary/translator-months-dictionary-English.dict
Dictionary: translator-months-dictionary, Language: English 
)
(/usr/local/texlive/2015/texmf-dist/tex/latex/beamer/translator/dicts/translato
r-numbers-dictionary/translator-numbers-dictionary-English.dict
Dictionary: translator-numbers-dictionary, Language: English 
)
(/usr/local/texlive/2015/texmf-dist/tex/latex/beamer/translator/dicts/translato
r-theorem-dictionary/translator-theorem-dictionary-English.dict
Dictionary: translator-theorem-dictionary, Language: English 
)
LaTeX Info: Redefining \includegraphics on input line 173.
Package caption Info: Begin \AtBeginDocument code.
Package caption Info: Incompatible package detected (regarding \caption).
(caption)             \caption = macro:->\ifx \@captype \@undefined \@latex@err
or {\noexpand \caption outside figure or table}\@ehd \expandafter \@gobble \els
e \refstepcounter \@captype \expandafter \@firstofone \fi {\@dblarg {\@caption 
\@captype }}.


Package caption Warning: Forced redefinition of \caption since the
(caption)                unsupported(!) package option `compatibility=false'
(caption)                was given.
See the caption package documentation for explanation.

Package caption Info: End \AtBeginDocument code.
(./JDM_Meeting_VBFDM_03062016.nav)
LaTeX Font Info:    Try loading font information for U+msa on input line 177.

(/usr/local/texlive/2015/texmf-dist/tex/latex/amsfonts/umsa.fd
File: umsa.fd 2013/01/14 v3.01 AMS symbols A
)
LaTeX Font Info:    Try loading font information for U+msb on input line 177.

(/usr/local/texlive/2015/texmf-dist/tex/latex/amsfonts/umsb.fd
File: umsb.fd 2013/01/14 v3.01 AMS symbols B
)
LaTeX Font Info:    Try loading font information for OT1+mathkerncmss on input 
line 177.

(/usr/local/texlive/2015/texmf-dist/tex/latex/sansmathaccent/ot1mathkerncmss.fd
File: ot1mathkerncmss.fd 2013/03/27 Fontinst v1.933 font definitions for OT1/ma
thkerncmss.
) <UniOfManchesterLogo.pdf, id=24, 845.1575pt x 597.23125pt>
File: UniOfManchesterLogo.pdf Graphic file (type pdf)

<use UniOfManchesterLogo.pdf>
Package pdftex.def Info: UniOfManchesterLogo.pdf used on input line 177.
(pdftex.def)             Requested size: 85.35826pt x 60.31895pt.


LaTeX Font Warning: Font shape `OT1/cmss/m/n' in size <4> not available
(Font)              size <5> substituted on input line 177.

[1

{/usr/local/texlive/2015/texmf-var/fonts/map/pdftex/updmap/pdftex.map} <./UniOf
ManchesterLogo.pdf>]
LaTeX Font Info:    Try loading font information for OMS+cmss on input line 216
.
LaTeX Font Info:    No file OMScmss.fd. on input line 216.


LaTeX Font Warning: Font shape `OMS/cmss/m/n' undefined
(Font)              using `OMS/cmsy/m/n' instead
(Font)              for symbol `textbullet' on input line 216.

[2

]
LaTeX Font Info:    Try loading font information for OML+cmss on input line 251
.
LaTeX Font Info:    No file OMLcmss.fd. on input line 251.


LaTeX Font Warning: Font shape `OML/cmss/m/n' undefined
(Font)              using `OML/cmm/m/it' instead
(Font)              for symbol `textgreater' on input line 251.

[3

] <monojet1.png, id=143, 1069.9975pt x 892.33376pt>
File: monojet1.png Graphic file (type png)
 <use monojet1.png>
Package pdftex.def Info: monojet1.png used on input line 287.
(pdftex.def)             Requested size: 103.25964pt x 86.10693pt.

<monojet2.png, id=145, 1126.2075pt x 895.345pt>
File: monojet2.png Graphic file (type png)
 <use monojet2.png>
Package pdftex.def Info: monojet2.png used on input line 287.
(pdftex.def)             Requested size: 103.25964pt x 82.08037pt.

<ppdmdmjj_feynman-eps-converted-to.pdf, id=146, 435.6275pt x 243.91125pt>
File: ppdmdmjj_feynman-eps-converted-to.pdf Graphic file (type pdf)

<use ppdmdmjj_feynman-eps-converted-to.pdf>
Package pdftex.def Info: ppdmdmjj_feynman-eps-converted-to.pdf used on input li
ne 287.
(pdftex.def)             Requested size: 110.14502pt x 61.6699pt.

</Users/rebecca/Documents/Presentations/Reports/ppdmdmjj_feynman_z.pdf, id=147,
 588.73589pt x 295.71106pt>
File: /Users/rebecca/Documents/Presentations/Reports/ppdmdmjj_feynman_z.pdf Gra
phic file (type pdf)

<use /Users/rebecca/Documents/Presentations/Reports/ppdmdmjj_feynman_z.pdf>
Package pdftex.def Info: /Users/rebecca/Documents/Presentations/Reports/ppdmdmj
j_feynman_z.pdf used on input line 287.
(pdftex.def)             Requested size: 120.47046pt x 60.50835pt.

<pphiggsdmdmjj.pdf, id=148, 584.04944pt x 361.47075pt>
File: pphiggsdmdmjj.pdf Graphic file (type pdf)
 <use pphiggsdmdmjj.pdf>
Package pdftex.def Info: pphiggsdmdmjj.pdf used on input line 287.
(pdftex.def)             Requested size: 103.25964pt x 63.90364pt.

[4

 <./monojet1.png> <./monojet2.png> <./ppdmdmjj_feynman-eps-converted-to.pdf> </
Users/rebecca/Documents/Presentations/Reports/ppdmdmjj_feynman_z.pdf> <./pphigg
sdmdmjj.pdf>] [5

] [6

] [7

]
File: ppdmdmjj_feynman-eps-converted-to.pdf Graphic file (type pdf)
 <use ppdmdmjj_feynman-eps-converted-to.pdf>
Package pdftex.def Info: ppdmdmjj_feynman-eps-converted-to.pdf used on input li
ne 420.
(pdftex.def)             Requested size: 110.14502pt x 61.6699pt.
File: /Users/rebecca/Documents/Presentations/Reports/ppdmdmjj_feynman_z.pdf Gra
phic file (type pdf)

<use /Users/rebecca/Documents/Presentations/Reports/ppdmdmjj_feynman_z.pdf>
Package pdftex.def Info: /Users/rebecca/Documents/Presentations/Reports/ppdmdmj
j_feynman_z.pdf used on input line 420.
(pdftex.def)             Requested size: 120.47046pt x 60.50835pt.
File: pphiggsdmdmjj.pdf Graphic file (type pdf)

<use pphiggsdmdmjj.pdf>
Package pdftex.def Info: pphiggsdmdmjj.pdf used on input line 420.
(pdftex.def)             Requested size: 103.25964pt x 63.90364pt.
 [8

]
<D5a_Rate_Equation.pdf, id=329, 319.78612pt x 41.59048pt>
File: D5a_Rate_Equation.pdf Graphic file (type pdf)

<use D5a_Rate_Equation.pdf>
Package pdftex.def Info: D5a_Rate_Equation.pdf used on input line 449.
(pdftex.def)             Requested size: 162.09764pt x 21.08203pt.
 [9

 <./D5a_Rate_Equation.pdf>]
</Users/rebecca/Documents/Rivet_Analyses/MC_VBFDM/PlotCombinationTool/Figures/M
ass100/Normalised/NOBKG/Mass100_Mjj_PS_VBFDM.pdf, id=368, 569.12625pt x 560.092
5pt>
File: /Users/rebecca/Documents/Rivet_Analyses/MC_VBFDM/PlotCombinationTool/Figu
res/Mass100/Normalised/NOBKG/Mass100_Mjj_PS_VBFDM.pdf Graphic file (type pdf)

<use /Users/rebecca/Documents/Rivet_Analyses/MC_VBFDM/PlotCombinationTool/Figur
es/Mass100/Normalised/NOBKG/Mass100_Mjj_PS_VBFDM.pdf>
Package pdftex.def Info: /Users/rebecca/Documents/Rivet_Analyses/MC_VBFDM/PlotC
ombinationTool/Figures/Mass100/Normalised/NOBKG/Mass100_Mjj_PS_VBFDM.pdf used o
n input line 471.
(pdftex.def)             Requested size: 90.86841pt x 89.42006pt.

</Users/rebecca/Documents/Rivet_Analyses/MC_VBFDM/PlotCombinationTool/Figures/M
ass100/Normalised/NOBKG/Mass100_DeltaEta_PS_VBFDM.pdf, id=369, 569.12625pt x 56
0.0925pt>
File: /Users/rebecca/Documents/Rivet_Analyses/MC_VBFDM/PlotCombinationTool/Figu
res/Mass100/Normalised/NOBKG/Mass100_DeltaEta_PS_VBFDM.pdf Graphic file (type p
df)

<use /Users/rebecca/Documents/Rivet_Analyses/MC_VBFDM/PlotCombinationTool/Figur
es/Mass100/Normalised/NOBKG/Mass100_DeltaEta_PS_VBFDM.pdf>
Package pdftex.def Info: /Users/rebecca/Documents/Rivet_Analyses/MC_VBFDM/PlotC
ombinationTool/Figures/Mass100/Normalised/NOBKG/Mass100_DeltaEta_PS_VBFDM.pdf u
sed on input line 471.
(pdftex.def)             Requested size: 90.86841pt x 89.42006pt.

</Users/rebecca/Documents/Rivet_Analyses/MC_VBFDM/PlotCombinationTool/Figures/M
ass100/Normalised/NOBKG/Mass100_Etmiss_PS_VBFDM.pdf, id=370, 569.12625pt x 560.
0925pt>
File: /Users/rebecca/Documents/Rivet_Analyses/MC_VBFDM/PlotCombinationTool/Figu
res/Mass100/Normalised/NOBKG/Mass100_Etmiss_PS_VBFDM.pdf Graphic file (type pdf
)

<use /Users/rebecca/Documents/Rivet_Analyses/MC_VBFDM/PlotCombinationTool/Figur
es/Mass100/Normalised/NOBKG/Mass100_Etmiss_PS_VBFDM.pdf>
Package pdftex.def Info: /Users/rebecca/Documents/Rivet_Analyses/MC_VBFDM/PlotC
ombinationTool/Figures/Mass100/Normalised/NOBKG/Mass100_Etmiss_PS_VBFDM.pdf use
d on input line 471.
(pdftex.def)             Requested size: 90.86841pt x 89.42006pt.

</Users/rebecca/Documents/Rivet_Analyses/MC_VBFDM/PlotCombinationTool/Figures/M
ass100/Normalised/NOBKG/Mass100_Jet1Pt_PS_VBFDM.pdf, id=371, 569.12625pt x 560.
0925pt>
File: /Users/rebecca/Documents/Rivet_Analyses/MC_VBFDM/PlotCombinationTool/Figu
res/Mass100/Normalised/NOBKG/Mass100_Jet1Pt_PS_VBFDM.pdf Graphic file (type pdf
)

<use /Users/rebecca/Documents/Rivet_Analyses/MC_VBFDM/PlotCombinationTool/Figur
es/Mass100/Normalised/NOBKG/Mass100_Jet1Pt_PS_VBFDM.pdf>
Package pdftex.def Info: /Users/rebecca/Documents/Rivet_Analyses/MC_VBFDM/PlotC
ombinationTool/Figures/Mass100/Normalised/NOBKG/Mass100_Jet1Pt_PS_VBFDM.pdf use
d on input line 471.
(pdftex.def)             Requested size: 90.86841pt x 89.42006pt.

</Users/rebecca/Documents/Rivet_Analyses/MC_VBFDM/PlotCombinationTool/Figures/M
ass100/Normalised/NOBKG/Mass100_DeltaPhi_PS_VBFDM.pdf, id=372, 569.12625pt x 56
0.0925pt>
File: /Users/rebecca/Documents/Rivet_Analyses/MC_VBFDM/PlotCombinationTool/Figu
res/Mass100/Normalised/NOBKG/Mass100_DeltaPhi_PS_VBFDM.pdf Graphic file (type p
df)

<use /Users/rebecca/Documents/Rivet_Analyses/MC_VBFDM/PlotCombinationTool/Figur
es/Mass100/Normalised/NOBKG/Mass100_DeltaPhi_PS_VBFDM.pdf>
Package pdftex.def Info: /Users/rebecca/Documents/Rivet_Analyses/MC_VBFDM/PlotC
ombinationTool/Figures/Mass100/Normalised/NOBKG/Mass100_DeltaPhi_PS_VBFDM.pdf u
sed on input line 471.
(pdftex.def)             Requested size: 90.86841pt x 89.42006pt.
 [10

 </Users/rebecca/Documents/Rivet_Analyses/MC_VBFDM/PlotCombinationTool/Figures/
Mass100/Normalised/NOBKG/Mass100_Mjj_PS_VBFDM.pdf, page is rotated 90 degrees> 
</Users/rebecca/Documents/Rivet_Analyses/MC_VBFDM/PlotCombinationTool/Figures/M
ass100/Normalised/NOBKG/Mass100_DeltaEta_PS_VBFDM.pdf, page is rotated 90 degre
es> </Users/rebecca/Documents/Rivet_Analyses/MC_VBFDM/PlotCombinationTool/Figur
es/Mass100/Normalised/NOBKG/Mass100_Etmiss_PS_VBFDM.pdf, page is rotated 90 deg
rees> </Users/rebecca/Documents/Rivet_Analyses/MC_VBFDM/PlotCombinationTool/Fig
ures/Mass100/Normalised/NOBKG/Mass100_Jet1Pt_PS_VBFDM.pdf, page is rotated 90 d
egrees> </Users/rebecca/Documents/Rivet_Analyses/MC_VBFDM/PlotCombinationTool/F
igures/Mass100/Normalised/NOBKG/Mass100_DeltaPhi_PS_VBFDM.pdf, page is rotated 
90 degrees>]
</Users/rebecca/Documents/Rivet_Analyses/MC_VBFDM/PlotCombinationTool/Figures/M
ass1/Normalised/NOBKG/Mass1_DeltaPhi_PS_VBFDM.pdf, id=616, 569.12625pt x 560.09
25pt>
File: /Users/rebecca/Documents/Rivet_Analyses/MC_VBFDM/PlotCombinationTool/Figu
res/Mass1/Normalised/NOBKG/Mass1_DeltaPhi_PS_VBFDM.pdf Graphic file (type pdf)

<use /Users/rebecca/Documents/Rivet_Analyses/MC_VBFDM/PlotCombinationTool/Figur
es/Mass1/Normalised/NOBKG/Mass1_DeltaPhi_PS_VBFDM.pdf>
Package pdftex.def Info: /Users/rebecca/Documents/Rivet_Analyses/MC_VBFDM/PlotC
ombinationTool/Figures/Mass1/Normalised/NOBKG/Mass1_DeltaPhi_PS_VBFDM.pdf used 
on input line 502.
(pdftex.def)             Requested size: 92.93304pt x 91.45409pt.

</Users/rebecca/Documents/Rivet_Analyses/MC_VBFDM/PlotCombinationTool/Figures/M
ass1000/Normalised/NOBKG/Mass1000_DeltaPhi_PS_VBFDM.pdf, id=617, 569.12625pt x 
560.0925pt>
File: /Users/rebecca/Documents/Rivet_Analyses/MC_VBFDM/PlotCombinationTool/Figu
res/Mass1000/Normalised/NOBKG/Mass1000_DeltaPhi_PS_VBFDM.pdf Graphic file (type
 pdf)

<use /Users/rebecca/Documents/Rivet_Analyses/MC_VBFDM/PlotCombinationTool/Figur
es/Mass1000/Normalised/NOBKG/Mass1000_DeltaPhi_PS_VBFDM.pdf>
Package pdftex.def Info: /Users/rebecca/Documents/Rivet_Analyses/MC_VBFDM/PlotC
ombinationTool/Figures/Mass1000/Normalised/NOBKG/Mass1000_DeltaPhi_PS_VBFDM.pdf
 used on input line 502.
(pdftex.def)             Requested size: 92.93304pt x 91.45409pt.

</Users/rebecca/Documents/Rivet_Analyses/MC_VBFDM/PlotCombinationTool/Figures/M
ass1/Normalised/NOBKG/Mass1_Jet1Pt_PS_VBFDM.pdf, id=618, 569.12625pt x 560.0925
pt>
File: /Users/rebecca/Documents/Rivet_Analyses/MC_VBFDM/PlotCombinationTool/Figu
res/Mass1/Normalised/NOBKG/Mass1_Jet1Pt_PS_VBFDM.pdf Graphic file (type pdf)

<use /Users/rebecca/Documents/Rivet_Analyses/MC_VBFDM/PlotCombinationTool/Figur
es/Mass1/Normalised/NOBKG/Mass1_Jet1Pt_PS_VBFDM.pdf>
Package pdftex.def Info: /Users/rebecca/Documents/Rivet_Analyses/MC_VBFDM/PlotC
ombinationTool/Figures/Mass1/Normalised/NOBKG/Mass1_Jet1Pt_PS_VBFDM.pdf used on
 input line 502.
(pdftex.def)             Requested size: 92.93304pt x 91.45409pt.

</Users/rebecca/Documents/Rivet_Analyses/MC_VBFDM/PlotCombinationTool/Figures/M
ass1000/Normalised/NOBKG/Mass1000_Jet1Pt_PS_VBFDM.pdf, id=619, 569.12625pt x 56
0.0925pt>
File: /Users/rebecca/Documents/Rivet_Analyses/MC_VBFDM/PlotCombinationTool/Figu
res/Mass1000/Normalised/NOBKG/Mass1000_Jet1Pt_PS_VBFDM.pdf Graphic file (type p
df)

<use /Users/rebecca/Documents/Rivet_Analyses/MC_VBFDM/PlotCombinationTool/Figur
es/Mass1000/Normalised/NOBKG/Mass1000_Jet1Pt_PS_VBFDM.pdf>
Package pdftex.def Info: /Users/rebecca/Documents/Rivet_Analyses/MC_VBFDM/PlotC
ombinationTool/Figures/Mass1000/Normalised/NOBKG/Mass1000_Jet1Pt_PS_VBFDM.pdf u
sed on input line 502.
(pdftex.def)             Requested size: 92.93304pt x 91.45409pt.
 [11

 </Users/rebecca/Documents/Rivet_Analyses/MC_VBFDM/PlotCombinationTool/Figures/
Mass1/Normalised/NOBKG/Mass1_DeltaPhi_PS_VBFDM.pdf, page is rotated 90 degrees>
 </Users/rebecca/Documents/Rivet_Analyses/MC_VBFDM/PlotCombinationTool/Figures/
Mass1000/Normalised/NOBKG/Mass1000_DeltaPhi_PS_VBFDM.pdf, page is rotated 90 de
grees> </Users/rebecca/Documents/Rivet_Analyses/MC_VBFDM/PlotCombinationTool/Fi
gures/Mass1/Normalised/NOBKG/Mass1_Jet1Pt_PS_VBFDM.pdf, page is rotated 90 degr
ees> </Users/rebecca/Documents/Rivet_Analyses/MC_VBFDM/PlotCombinationTool/Figu
res/Mass1000/Normalised/NOBKG/Mass1000_Jet1Pt_PS_VBFDM.pdf, page is rotated 90 
degrees>]
<c1.pdf, id=820, 569.12625pt x 389.455pt>
File: c1.pdf Graphic file (type pdf)
 <use c1.pdf>
Package pdftex.def Info: c1.pdf used on input line 513.
(pdftex.def)             Requested size: 137.67603pt x 94.21393pt.
 [12

 <./c1.pdf>]
</Users/rebecca/Documents/Rivet_Analyses/MC_VBFDM/PlotCombinationTool/Figures/S
tatPlots//D5a/Absolute/0.02/Stats_D5a_DeltaEta_002_PS_VBFDM.pdf, id=861, 569.12
625pt x 280.04625pt>
File: /Users/rebecca/Documents/Rivet_Analyses/MC_VBFDM/PlotCombinationTool/Figu
res/StatPlots//D5a/Absolute/0.02/Stats_D5a_DeltaEta_002_PS_VBFDM.pdf Graphic fi
le (type pdf)

<use /Users/rebecca/Documents/Rivet_Analyses/MC_VBFDM/PlotCombinationTool/Figur
es/StatPlots//D5a/Absolute/0.02/Stats_D5a_DeltaEta_002_PS_VBFDM.pdf>
Package pdftex.def Info: /Users/rebecca/Documents/Rivet_Analyses/MC_VBFDM/PlotC
ombinationTool/Figures/StatPlots//D5a/Absolute/0.02/Stats_D5a_DeltaEta_002_PS_V
BFDM.pdf used on input line 524.
(pdftex.def)             Requested size: 284.52756pt x 140.00995pt.
 [13

 </Users/rebecca/Documents/Rivet_Analyses/MC_VBFDM/PlotCombinationTool/Figures/
StatPlots//D5a/Absolute/0.02/Stats_D5a_DeltaEta_002_PS_VBFDM.pdf, page is rotat
ed 90 degrees>]
</Users/rebecca/Documents/Rivet_Analyses/MC_VBFDM/PlotCombinationTool/Figures/S
tatPlots//D5a/Absolute/0.02/Stats_D5a_Mjj_002_PS_VBFDM.pdf, id=932, 569.12625pt
 x 280.04625pt>
File: /Users/rebecca/Documents/Rivet_Analyses/MC_VBFDM/PlotCombinationTool/Figu
res/StatPlots//D5a/Absolute/0.02/Stats_D5a_Mjj_002_PS_VBFDM.pdf Graphic file (t
ype pdf)

<use /Users/rebecca/Documents/Rivet_Analyses/MC_VBFDM/PlotCombinationTool/Figur
es/StatPlots//D5a/Absolute/0.02/Stats_D5a_Mjj_002_PS_VBFDM.pdf>
Package pdftex.def Info: /Users/rebecca/Documents/Rivet_Analyses/MC_VBFDM/PlotC
ombinationTool/Figures/StatPlots//D5a/Absolute/0.02/Stats_D5a_Mjj_002_PS_VBFDM.
pdf used on input line 531.
(pdftex.def)             Requested size: 284.52756pt x 140.00995pt.
 [14

 </Users/rebecca/Documents/Rivet_Analyses/MC_VBFDM/PlotCombinationTool/Figures/
StatPlots//D5a/Absolute/0.02/Stats_D5a_Mjj_002_PS_VBFDM.pdf, page is rotated 90
 degrees>]
</Users/rebecca/Documents/Rivet_Analyses/MC_VBFDM/PlotCombinationTool/Figures/S
tatPlots//D5b/Absolute/0.02/Stats_D5b_Mjj_002_PS_VBFDM.pdf, id=1003, 569.12625p
t x 280.04625pt>
File: /Users/rebecca/Documents/Rivet_Analyses/MC_VBFDM/PlotCombinationTool/Figu
res/StatPlots//D5b/Absolute/0.02/Stats_D5b_Mjj_002_PS_VBFDM.pdf Graphic file (t
ype pdf)

<use /Users/rebecca/Documents/Rivet_Analyses/MC_VBFDM/PlotCombinationTool/Figur
es/StatPlots//D5b/Absolute/0.02/Stats_D5b_Mjj_002_PS_VBFDM.pdf>
Package pdftex.def Info: /Users/rebecca/Documents/Rivet_Analyses/MC_VBFDM/PlotC
ombinationTool/Figures/StatPlots//D5b/Absolute/0.02/Stats_D5b_Mjj_002_PS_VBFDM.
pdf used on input line 541.
(pdftex.def)             Requested size: 284.52756pt x 140.00995pt.
 [15

 </Users/rebecca/Documents/Rivet_Analyses/MC_VBFDM/PlotCombinationTool/Figures/
StatPlots//D5b/Absolute/0.02/Stats_D5b_Mjj_002_PS_VBFDM.pdf, page is rotated 90
 degrees>]
[16

]
\tf@nav=\write6
\openout6 = `JDM_Meeting_VBFDM_03062016.nav'.

\tf@toc=\write7
\openout7 = `JDM_Meeting_VBFDM_03062016.toc'.

\tf@snm=\write8
\openout8 = `JDM_Meeting_VBFDM_03062016.snm'.

Package atveryend Info: Empty hook `BeforeClearDocument' on input line 587.
Package atveryend Info: Empty hook `AfterLastShipout' on input line 587.
 (./JDM_Meeting_VBFDM_03062016.aux)
Package atveryend Info: Executing hook `AtVeryEndDocument' on input line 587.
Package atveryend Info: Executing hook `AtEndAfterFileList' on input line 587.
Package rerunfilecheck Info: File `JDM_Meeting_VBFDM_03062016.out' has not chan
ged.
(rerunfilecheck)             Checksum: 4CA0FF56E3EE124326A4720E136735D1;47.


LaTeX Font Warning: Size substitutions with differences
(Font)              up to 1.0pt have occurred.


LaTeX Font Warning: Some font shapes were not available, defaults substituted.

Package atveryend Info: Empty hook `AtVeryVeryEnd' on input line 587.
 ) 
Here is how much of TeX's memory you used:
 19186 strings out of 493089
 372985 string characters out of 6134842
 445484 words of memory out of 5000000
 22107 multiletter control sequences out of 15000+600000
 30135 words of font info for 94 fonts, out of 8000000 for 9000
 1141 hyphenation exceptions out of 8191
 56i,22n,63p,926b,762s stack positions out of 5000i,500n,10000p,200000b,80000s
</usr/local/texlive/2015/texmf-dist/fonts/type1/public/amsfonts/cmextra/cmex7
.pfb></usr/local/texlive/2015/texmf-dist/fonts/type1/public/amsfonts/cm/cmmi10.
pfb></usr/local/texlive/2015/texmf-dist/fonts/type1/public/amsfonts/cm/cmmi12.p
fb></usr/local/texlive/2015/texmf-dist/fonts/type1/public/amsfonts/cm/cmmi5.pfb
></usr/local/texlive/2015/texmf-dist/fonts/type1/public/amsfonts/cm/cmmi6.pfb><
/usr/local/texlive/2015/texmf-dist/fonts/type1/public/amsfonts/cm/cmmi7.pfb></u
sr/local/texlive/2015/texmf-dist/fonts/type1/public/amsfonts/cm/cmmi9.pfb></usr
/local/texlive/2015/texmf-dist/fonts/type1/public/amsfonts/cm/cmr6.pfb></usr/lo
cal/texlive/2015/texmf-dist/fonts/type1/public/amsfonts/cm/cmr7.pfb></usr/local
/texlive/2015/texmf-dist/fonts/type1/public/amsfonts/cm/cmss10.pfb></usr/local/
texlive/2015/texmf-dist/fonts/type1/public/amsfonts/cm/cmss12.pfb></usr/local/t
exlive/2015/texmf-dist/fonts/type1/public/amsfonts/cm/cmss8.pfb></usr/local/tex
live/2015/texmf-dist/fonts/type1/public/amsfonts/cm/cmss9.pfb></usr/local/texli
ve/2015/texmf-dist/fonts/type1/public/amsfonts/cm/cmssi10.pfb></usr/local/texli
ve/2015/texmf-dist/fonts/type1/public/amsfonts/cm/cmssi12.pfb></usr/local/texli
ve/2015/texmf-dist/fonts/type1/public/amsfonts/cm/cmssi8.pfb></usr/local/texliv
e/2015/texmf-dist/fonts/type1/public/amsfonts/cm/cmssi9.pfb></usr/local/texlive
/2015/texmf-dist/fonts/type1/public/amsfonts/cm/cmsy10.pfb></usr/local/texlive/
2015/texmf-dist/fonts/type1/public/amsfonts/cm/cmsy5.pfb></usr/local/texlive/20
15/texmf-dist/fonts/type1/public/amsfonts/cm/cmsy6.pfb></usr/local/texlive/2015
/texmf-dist/fonts/type1/public/amsfonts/cm/cmsy7.pfb></usr/local/texlive/2015/t
exmf-dist/fonts/type1/public/amsfonts/cm/cmsy8.pfb></usr/local/texlive/2015/tex
mf-dist/fonts/type1/public/amsfonts/cm/cmsy9.pfb></usr/local/texlive/2015/texmf
-dist/fonts/type1/public/amsfonts/latxfont/line10.pfb></usr/local/texlive/2015/
texmf-dist/fonts/type1/public/amsfonts/symbols/msam10.pfb></usr/local/texlive/2
015/texmf-dist/fonts/type1/public/amsfonts/symbols/msam7.pfb>
Output written on JDM_Meeting_VBFDM_03062016.pdf (16 pages, 765010 bytes).
PDF statistics:
 1190 PDF objects out of 1200 (max. 8388607)
 792 compressed objects within 8 object streams
 41 named destinations out of 1000 (max. 500000)
 181 words of extra memory for PDF output out of 10000 (max. 10000000)

